03:19:25.382 [main] DEBUG tests.LoginPageTest - Browser Launched
03:19:31.480 [main] DEBUG tests.LoginPageTest - navigate to application Url
03:19:31.553 [main] DEBUG tests.LoginPageTest - Clicked on My Account dropDown
03:19:31.986 [main] DEBUG tests.LoginPageTest - clicked on login option
03:19:31.987 [main] DEBUG tests.LoginPageTest - navigate to application login page
03:19:32.082 [main] DEBUG tests.LoginPageTest - email address got entered
03:19:32.149 [main] DEBUG tests.LoginPageTest - password address got entered
03:19:32.852 [main] DEBUG tests.LoginPageTest - clicked on login button
03:19:32.881 [main] DEBUG tests.LoginPageTest - user got the Account Text
03:19:32.883 [main] DEBUG tests.LoginPageTest - user inside account
03:19:33.026 [main] DEBUG tests.LoginPageTest - Browser got Closed
03:30:07.379 [TestNG-tests-4] DEBUG tests.LoginPageTest - Browser Launched
03:30:12.530 [TestNG-tests-4] DEBUG tests.LoginPageTest - navigate to application Url
03:30:12.608 [TestNG-tests-4] DEBUG tests.LoginPageTest - Clicked on My Account dropDown
03:30:13.010 [TestNG-tests-4] DEBUG tests.LoginPageTest - clicked on login option
03:30:13.011 [TestNG-tests-4] DEBUG tests.LoginPageTest - navigate to application login page
03:30:13.107 [TestNG-tests-4] DEBUG tests.LoginPageTest - email address got entered
03:30:13.170 [TestNG-tests-4] DEBUG tests.LoginPageTest - password address got entered
03:30:13.831 [TestNG-tests-4] DEBUG tests.LoginPageTest - clicked on login button
03:30:13.861 [TestNG-tests-4] DEBUG tests.LoginPageTest - user got the Account Text
03:30:13.862 [TestNG-tests-4] DEBUG tests.LoginPageTest - user inside account
03:30:13.960 [TestNG-tests-4] DEBUG tests.LoginPageTest - Browser got Closed
03:35:59.622 [TestNG-tests-4] DEBUG tests.LoginPageTest - Browser Launched
03:36:22.214 [TestNG-tests-4] DEBUG tests.LoginPageTest - navigate to application Url
03:36:54.971 [TestNG-tests-4] DEBUG tests.LoginPageTest - Browser Launched
03:37:15.468 [TestNG-tests-4] DEBUG tests.LoginPageTest - navigate to application Url
03:37:15.542 [TestNG-tests-4] DEBUG tests.LoginPageTest - Clicked on My Account dropDown
03:37:16.087 [TestNG-tests-4] DEBUG tests.LoginPageTest - clicked on login option
03:37:16.121 [TestNG-tests-4] DEBUG tests.LoginPageTest - navigate to application login page
03:37:16.298 [TestNG-tests-4] DEBUG tests.LoginPageTest - email address got entered
03:37:16.365 [TestNG-tests-4] DEBUG tests.LoginPageTest - password address got entered
03:37:17.043 [TestNG-tests-4] DEBUG tests.LoginPageTest - clicked on login button
03:37:17.151 [TestNG-tests-4] DEBUG tests.LoginPageTest - user got the Account Text
03:37:17.173 [TestNG-tests-4] DEBUG tests.LoginPageTest - user inside account
03:37:17.296 [TestNG-tests-4] DEBUG tests.LoginPageTest - Browser got Closed
04:20:33.853 [TestNG-tests-4] DEBUG tests.LoginPageTest - Browser Launched
04:20:45.761 [TestNG-tests-4] DEBUG tests.LoginPageTest - navigate to application Url
04:20:45.861 [TestNG-tests-4] DEBUG tests.LoginPageTest - Clicked on My Account dropDown
04:20:46.603 [TestNG-tests-4] DEBUG tests.LoginPageTest - clicked on login option
04:20:46.604 [TestNG-tests-4] DEBUG tests.LoginPageTest - navigate to application login page
04:20:46.748 [TestNG-tests-4] DEBUG tests.LoginPageTest - email address got entered
04:20:46.844 [TestNG-tests-4] DEBUG tests.LoginPageTest - password address got entered
04:20:47.645 [TestNG-tests-4] DEBUG tests.LoginPageTest - clicked on login button
04:20:47.684 [TestNG-tests-4] DEBUG tests.LoginPageTest - user got the Account Text
04:20:47.684 [TestNG-tests-4] DEBUG tests.LoginPageTest - user inside account
04:20:47.846 [TestNG-tests-4] DEBUG tests.LoginPageTest - Browser got Closed
04:24:28.138 [TestNG-tests-4] DEBUG tests.LoginPageTest - Browser Launched
04:24:41.601 [TestNG-tests-4] DEBUG tests.LoginPageTest - navigate to application Url
04:24:41.706 [TestNG-tests-4] DEBUG tests.LoginPageTest - Clicked on My Account dropDown
04:24:42.703 [TestNG-tests-4] DEBUG tests.LoginPageTest - clicked on login option
04:24:42.704 [TestNG-tests-4] DEBUG tests.LoginPageTest - navigate to application login page
04:24:42.825 [TestNG-tests-4] DEBUG tests.LoginPageTest - email address got entered
04:24:42.893 [TestNG-tests-4] DEBUG tests.LoginPageTest - password address got entered
04:24:44.602 [TestNG-tests-4] DEBUG tests.LoginPageTest - clicked on login button
04:24:44.640 [TestNG-tests-4] DEBUG tests.LoginPageTest - user got the Account Text
04:24:44.640 [TestNG-tests-4] DEBUG tests.LoginPageTest - user inside account
04:24:44.915 [TestNG-tests-4] DEBUG tests.LoginPageTest - Browser got Closed
04:34:50.883 [TestNG-tests-4] DEBUG tests.LoginPageTest - Browser Launched
04:35:07.090 [TestNG-tests-4] DEBUG tests.LoginPageTest - navigate to application Url
04:35:07.172 [TestNG-tests-4] DEBUG tests.LoginPageTest - Clicked on My Account dropDown
04:35:08.302 [TestNG-tests-4] DEBUG tests.LoginPageTest - clicked on login option
04:35:08.303 [TestNG-tests-4] DEBUG tests.LoginPageTest - navigate to application login page
04:35:08.404 [TestNG-tests-4] DEBUG tests.LoginPageTest - email address got entered
04:35:08.489 [TestNG-tests-4] DEBUG tests.LoginPageTest - password address got entered
04:35:10.916 [TestNG-tests-4] DEBUG tests.LoginPageTest - clicked on login button
04:35:10.950 [TestNG-tests-4] DEBUG tests.LoginPageTest - user got the Account Text
04:35:10.950 [TestNG-tests-4] DEBUG tests.LoginPageTest - user inside account
04:35:11.061 [TestNG-tests-4] DEBUG tests.LoginPageTest - Browser got Closed
04:43:20.842 [TestNG-tests-4] DEBUG tests.LoginPageTest - Browser Launched
04:43:30.960 [TestNG-tests-4] DEBUG tests.LoginPageTest - navigate to application Url
04:43:31.135 [TestNG-tests-4] DEBUG tests.LoginPageTest - Clicked on My Account dropDown
04:43:31.718 [TestNG-tests-4] DEBUG tests.LoginPageTest - clicked on login option
04:43:31.720 [TestNG-tests-4] DEBUG tests.LoginPageTest - navigate to application login page
04:43:31.906 [TestNG-tests-4] DEBUG tests.LoginPageTest - email address got entered
04:43:32.065 [TestNG-tests-4] DEBUG tests.LoginPageTest - password address got entered
04:43:32.893 [TestNG-tests-4] DEBUG tests.LoginPageTest - clicked on login button
04:43:32.937 [TestNG-tests-4] DEBUG tests.LoginPageTest - user got the Account Text
04:43:32.937 [TestNG-tests-4] DEBUG tests.LoginPageTest - user inside account
04:43:33.023 [TestNG-tests-4] DEBUG tests.LoginPageTest - Browser got Closed
04:45:15.096 [TestNG-tests-4] DEBUG tests.LoginPageTest - Browser Launched
04:45:27.626 [TestNG-tests-4] DEBUG tests.LoginPageTest - navigate to application Url
04:45:27.760 [TestNG-tests-4] DEBUG tests.LoginPageTest - Clicked on My Account dropDown
04:45:28.341 [TestNG-tests-4] DEBUG tests.LoginPageTest - clicked on login option
04:45:28.343 [TestNG-tests-4] DEBUG tests.LoginPageTest - navigate to application login page
04:45:28.536 [TestNG-tests-4] DEBUG tests.LoginPageTest - email address got entered
04:45:28.647 [TestNG-tests-4] DEBUG tests.LoginPageTest - password address got entered
04:45:31.995 [TestNG-tests-4] DEBUG tests.LoginPageTest - clicked on login button
04:45:32.037 [TestNG-tests-4] DEBUG tests.LoginPageTest - user got the Account Text
04:45:32.037 [TestNG-tests-4] DEBUG tests.LoginPageTest - user inside account
04:45:32.138 [TestNG-tests-4] DEBUG tests.LoginPageTest - Browser got Closed
04:47:19.064 [TestNG-tests-4] DEBUG tests.LoginPageTest - Browser Launched
04:47:41.955 [TestNG-tests-4] DEBUG tests.LoginPageTest - navigate to application Url
04:47:42.127 [TestNG-tests-4] DEBUG tests.LoginPageTest - Clicked on My Account dropDown
04:47:42.750 [TestNG-tests-4] DEBUG tests.LoginPageTest - clicked on login option
04:47:42.752 [TestNG-tests-4] DEBUG tests.LoginPageTest - navigate to application login page
04:47:42.965 [TestNG-tests-4] DEBUG tests.LoginPageTest - email address got entered
04:47:43.132 [TestNG-tests-4] DEBUG tests.LoginPageTest - password address got entered
04:47:44.231 [TestNG-tests-4] DEBUG tests.LoginPageTest - clicked on login button
04:47:44.347 [TestNG-tests-4] DEBUG tests.LoginPageTest - user got the Account Text
04:47:44.348 [TestNG-tests-4] DEBUG tests.LoginPageTest - user inside account
04:47:44.493 [TestNG-tests-4] DEBUG tests.LoginPageTest - Browser got Closed
15:38:59.814 [main] DEBUG tests.LoginPageTest - Browser Launched
15:39:04.230 [main] DEBUG tests.LoginPageTest - navigate to application Url
15:39:04.402 [main] DEBUG tests.LoginPageTest - Clicked on My Account dropDown
15:39:04.897 [main] DEBUG tests.LoginPageTest - clicked on login option
15:39:04.898 [main] DEBUG tests.LoginPageTest - navigate to application login page
15:39:04.979 [main] DEBUG tests.LoginPageTest - email address got entered
15:39:05.079 [main] DEBUG tests.LoginPageTest - password address got entered
15:39:05.522 [main] DEBUG tests.LoginPageTest - clicked on login button
15:39:05.560 [main] DEBUG tests.LoginPageTest - user got the Account Text
15:39:05.560 [main] DEBUG tests.LoginPageTest - user inside account
15:39:05.745 [main] DEBUG tests.LoginPageTest - Browser got Closed
16:01:36.144 [main] DEBUG tests.LoginPageTest - Browser Launched
16:01:41.905 [main] DEBUG tests.LoginPageTest - navigate to application Url
16:01:42.097 [main] DEBUG tests.LoginPageTest - Clicked on My Account dropDown
16:01:42.770 [main] DEBUG tests.LoginPageTest - clicked on login option
16:01:42.771 [main] DEBUG tests.LoginPageTest - navigate to application login page
16:01:42.949 [main] DEBUG tests.LoginPageTest - email address got entered
16:01:43.037 [main] DEBUG tests.LoginPageTest - password address got entered
16:01:44.040 [main] DEBUG tests.LoginPageTest - clicked on login button
16:01:44.107 [main] DEBUG tests.LoginPageTest - user got the Account Text
16:01:44.107 [main] DEBUG tests.LoginPageTest - user inside account
16:01:44.236 [main] DEBUG tests.LoginPageTest - Browser got Closed
